<?xml version="1.0" encoding="UTF-8"?>
<testng-results ignored="0" total="1" passed="1" failed="0" skipped="0">
  <reporter-output>
  </reporter-output>
  <suite started-at="2022-08-05T15:34:28 IST" name="Default suite" finished-at="2022-08-05T15:34:30 IST" duration-ms="2847">
    <groups>
    </groups>
    <test started-at="2022-08-05T15:34:28 IST" name="Default test" finished-at="2022-08-05T15:34:30 IST" duration-ms="2847">
      <class name="com.Framework.API.tests.TestDELETEPosts">
        <test-method is-config="true" signature="init()[pri:0, instance:com.Framework.API.tests.TestDELETEPosts@6aa61224]" started-at="2022-08-05T15:34:28 IST" name="init" finished-at="2022-08-05T15:34:28 IST" duration-ms="858" status="PASS">
          <reporter-output>
          </reporter-output>
        </test-method> <!-- init -->
        <test-method signature="testDeletePosts()[pri:0, instance:com.Framework.API.tests.TestDELETEPosts@6aa61224]" started-at="2022-08-05T15:34:28 IST" name="testDeletePosts" finished-at="2022-08-05T15:34:30 IST" duration-ms="1855" status="PASS">
          <reporter-output>
          </reporter-output>
        </test-method> <!-- testDeletePosts -->
      </class> <!-- com.Framework.API.tests.TestDELETEPosts -->
    </test> <!-- Default test -->
  </suite> <!-- Default suite -->
</testng-results>
